0 info it worked if it ends with ok
1 verbose cli [ '/Users/knguyen1/.nvm/versions/node/v5.11.1/bin/node',
1 verbose cli   '/Users/knguyen1/.nvm/versions/node/v5.11.1/bin/npm',
1 verbose cli   'run',
1 verbose cli   'jshint' ]
2 info using npm@3.8.6
3 info using node@v5.11.1
4 verbose run-script [ 'prejshint', 'jshint', 'postjshint' ]
5 info lifecycle kitten-messenger@1.0.0~prejshint: kitten-messenger@1.0.0
6 silly lifecycle kitten-messenger@1.0.0~prejshint: no script for prejshint, continuing
7 info lifecycle kitten-messenger@1.0.0~jshint: kitten-messenger@1.0.0
8 verbose lifecycle kitten-messenger@1.0.0~jshint: unsafe-perm in lifecycle true
9 verbose lifecycle kitten-messenger@1.0.0~jshint: PATH: /Users/knguyen1/.nvm/versions/node/v5.11.1/lib/node_modules/npm/bin/node-gyp-bin:/Users/knguyen1/Documents/_PUBLICGIT/kitten-messenger/node_modules/.bin:/Users/knguyen1/.nvm/versions/node/v5.11.1/bin:/Users/knguyen1/.nvm/versions/node/v5.11.1/bin:/Users/knguyen1/.jenv/bin:/Users/knguyen1/.jenv/candidates/maven/current/bin:/Users/knguyen1/.jenv/candidates/java/current/bin:/usr/local/bin:/usr/bin:/bin:/usr/sbin:/sbin
10 verbose lifecycle kitten-messenger@1.0.0~jshint: CWD: /Users/knguyen1/Documents/_PUBLICGIT/kitten-messenger
11 silly lifecycle kitten-messenger@1.0.0~jshint: Args: [ '-c', 'jshint --exclude node_modules .' ]
12 silly lifecycle kitten-messenger@1.0.0~jshint: Returned: code: 2  signal: null
13 info lifecycle kitten-messenger@1.0.0~jshint: Failed to exec jshint script
14 verbose stack Error: kitten-messenger@1.0.0 jshint: `jshint --exclude node_modules .`
14 verbose stack Exit status 2
14 verbose stack     at EventEmitter.<anonymous> (/Users/knguyen1/.nvm/versions/node/v5.11.1/lib/node_modules/npm/lib/utils/lifecycle.js:239:16)
14 verbose stack     at emitTwo (events.js:100:13)
14 verbose stack     at EventEmitter.emit (events.js:185:7)
14 verbose stack     at ChildProcess.<anonymous> (/Users/knguyen1/.nvm/versions/node/v5.11.1/lib/node_modules/npm/lib/utils/spawn.js:24:14)
14 verbose stack     at emitTwo (events.js:100:13)
14 verbose stack     at ChildProcess.emit (events.js:185:7)
14 verbose stack     at maybeClose (internal/child_process.js:850:16)
14 verbose stack     at Process.ChildProcess._handle.onexit (internal/child_process.js:215:5)
15 verbose pkgid kitten-messenger@1.0.0
16 verbose cwd /Users/knguyen1/Documents/_PUBLICGIT/kitten-messenger
17 error Darwin 15.6.0
18 error argv "/Users/knguyen1/.nvm/versions/node/v5.11.1/bin/node" "/Users/knguyen1/.nvm/versions/node/v5.11.1/bin/npm" "run" "jshint"
19 error node v5.11.1
20 error npm  v3.8.6
21 error code ELIFECYCLE
22 error kitten-messenger@1.0.0 jshint: `jshint --exclude node_modules .`
22 error Exit status 2
23 error Failed at the kitten-messenger@1.0.0 jshint script 'jshint --exclude node_modules .'.
23 error Make sure you have the latest version of node.js and npm installed.
23 error If you do, this is most likely a problem with the kitten-messenger package,
23 error not with npm itself.
23 error Tell the author that this fails on your system:
23 error     jshint --exclude node_modules .
23 error You can get information on how to open an issue for this project with:
23 error     npm bugs kitten-messenger
23 error Or if that isn't available, you can get their info via:
23 error     npm owner ls kitten-messenger
23 error There is likely additional logging output above.
24 verbose exit [ 1, true ]
